<?xml version="1.0" encoding="UTF-8"?>
<!-- Generated by org.testng.reporters.JUnitReportReporter -->
<testsuite hostname="DESKTOP-T84FQTL" failures="0" tests="1" name="tests.AdressBookTest" time="30.883" errors="0" timestamp="2020-07-28T12:59:58 IDT" skipped="0">
  <testcase classname="tests.AdressBookTest" name="tc26_editInvalidPC" time="30.883"/>
  <system-out/>
</testsuite> <!-- tests.AdressBookTest -->
