<?xml version="1.0" encoding="UTF-8"?>
<!-- Generated by org.testng.reporters.JUnitReportReporter -->
<testsuite hostname="DESKTOP-T84FQTL" failures="0" tests="2" name="tests.SearchTaskTest" time="10.160" errors="0" timestamp="2020-07-06T13:32:40 IDT" skipped="0">
  <testcase classname="tests.SearchTaskTest" name="searchTaskTest" time="5.979"/>
  <system-out/>
  <testcase classname="tests.SearchTaskTest" name="searchNonExistingTaskTest" time="4.181"/>
  <system-out/>
</testsuite> <!-- tests.SearchTaskTest -->
