<?xml version="1.0" encoding="UTF-8"?>
<!-- Generated by org.testng.reporters.JUnitReportReporter -->
<testsuite hostname="DESKTOP-T84FQTL" failures="0" tests="1" name="tests.EndToEndTest" time="74.015" errors="0" timestamp="2020-08-19T10:10:31 IDT" skipped="0">
  <testcase classname="tests.EndToEndTest" name="tc32_E2EChangeSettings" time="74.015"/>
  <system-out/>
</testsuite> <!-- tests.EndToEndTest -->
