<?xml version="1.0" encoding="UTF-8"?>
<!-- Generated by org.testng.reporters.JUnitReportReporter -->
<testsuite hostname="DESKTOP-T84FQTL" failures="0" tests="3" name="tests.ListTest" time="31.207" errors="0" timestamp="2020-07-06T13:32:40 IDT" skipped="0">
  <testcase classname="tests.ListTest" name="addLiskTest1" time="12.043"/>
  <system-out/>
  <testcase classname="tests.ListTest" name="deleteListTest" time="6.767"/>
  <system-out/>
  <testcase classname="tests.ListTest" name="renameAList" time="12.397"/>
  <system-out/>
</testsuite> <!-- tests.ListTest -->
