<?xml version="1.0" encoding="UTF-8"?>
<!-- Generated by org.testng.reporters.JUnitReportReporter -->
<testsuite hostname="DESKTOP-T84FQTL" failures="0" tests="1" name="tests.AddListTest" time="6.860" errors="0" timestamp="2020-07-01T21:38:04 IDT" skipped="0">
  <testcase classname="tests.AddListTest" name="deleteListTest" time="6.860"/>
  <system-out/>
</testsuite> <!-- tests.AddListTest -->
