<?xml version="1.0" encoding="UTF-8"?>
<!-- Generated by org.testng.reporters.JUnitReportReporter -->
<testsuite hostname="DESKTOP-T84FQTL" failures="0" tests="4" name="tests.TaskTest" time="38.615" errors="0" timestamp="2020-07-06T13:32:40 IDT" skipped="0">
  <testcase classname="tests.TaskTest" name="addSimpleTaskTest" time="10.609"/>
  <system-out/>
  <testcase classname="tests.TaskTest" name="addAdvTaskTest" time="11.029"/>
  <system-out/>
  <testcase classname="tests.TaskTest" name="deleteFirstTaskTest" time="9.336"/>
  <system-out/>
  <testcase classname="tests.TaskTest" name="editFirstTaskTest" time="7.641"/>
  <system-out/>
</testsuite> <!-- tests.TaskTest -->
