<?xml version="1.0" encoding="UTF-8"?>
<!-- Generated by org.testng.reporters.JUnitReportReporter -->
<testsuite hostname="DESKTOP-T84FQTL" failures="0" tests="1" name="tests.SearchTest" time="7.787" errors="0" timestamp="2020-08-19T09:59:27 IDT" skipped="0">
  <testcase classname="tests.SearchTest" name="tc30_searchInProductsPage" time="7.787"/>
  <system-out/>
</testsuite> <!-- tests.SearchTest -->
